<?xml version="1.0" encoding="UTF-8"?>
<!-- Generated by org.testng.reporters.JUnitXMLReporter -->
<testsuite hostname="Quantiphi-1070" name="Automation Test Report" tests="1" failures="1" timestamp="11 May 2021 16:42:28 GMT" time="19.812" errors="0">
  <testcase name="feature" time="19.471" classname="orange.crm.CRMRunner.CRMRunner">
    <failure type="java.lang.NullPointerException">
      <![CDATA[java.lang.NullPointerException
	at orange.crm.Listeners.ExtentReportListener.testStepHandleNoDriver(ExtentReportListener.java:84)
	at orange.crm.orangestepdefination.OrangeDriver.exitWebDriver(OrangeDriver.java:116)
	at ✽.Close the OrangeCRM Web Application(./ORANGE_CRM/Orange/TestCases/OrangeForgotPassward.feature:16)
]]>
    </failure>
  </testcase> <!-- feature -->
</testsuite> <!-- Automation Test Report -->
