<?xml version="1.0" encoding="UTF-8"?>
<!-- Generated by org.testng.reporters.JUnitXMLReporter -->
<testsuite hostname="Quantiphi-1070" name="Automation Test Report" tests="3" failures="1" timestamp="26 May 2021 16:42:57 GMT" time="18.224" errors="0">
  <testcase name="feature" time="17.879" classname="orange.crm.CRMRunner.CRMRunner">
    <failure type="java.lang.NullPointerException">
      <![CDATA[java.lang.NullPointerException
	at orange.crm.Listeners.ExtentReportListener.testStepHandleNoDriver(ExtentReportListener.java:109)
	at orange.crm.orangestepdefination.OrangeDriver.exitWebDriver(OrangeDriver.java:119)
	at ✽.Close the OrangeCRM Web Application(./ORANGE_CRM/Orange/TestCases/OrangeCRMLogin.feature:20)
]]>
    </failure>
  </testcase> <!-- feature -->
  <testcase name="feature" time="0.028" classname="orange.crm.CRMRunner.CRMRunner">
    <skipped/>
  </testcase> <!-- feature -->
  <testcase name="feature" time="0.02" classname="orange.crm.CRMRunner.CRMRunner">
    <skipped/>
  </testcase> <!-- feature -->
</testsuite> <!-- Automation Test Report -->
