<?xml version="1.0" encoding="UTF-8"?>
<!-- Generated by org.testng.reporters.JUnitReportReporter -->
<testsuite hostname="Quantiphi-1070" name="orange.crm.CRMRunner.CRMRunner" tests="1" failures="0" timestamp="11 May 2021 16:42:28 GMT" time="19.471" errors="1">
  <testcase name="feature" time="19.471" classname="orange.crm.CRMRunner.CRMRunner">
    <error type="java.lang.NullPointerException">
      <![CDATA[java.lang.NullPointerException
	at orange.crm.Listeners.ExtentReportListener.testStepHandleNoDriver(ExtentReportListener.java:84)
	at orange.crm.orangestepdefination.OrangeDriver.exitWebDriver(OrangeDriver.java:116)
	at ✽.Close the OrangeCRM Web Application(./ORANGE_CRM/Orange/TestCases/OrangeForgotPassward.feature:16)
]]>
    </error>
  </testcase> <!-- feature -->
</testsuite> <!-- orange.crm.CRMRunner.CRMRunner -->
